<?xml version="1.0" encoding="UTF-8"?>
<!-- Generated by org.testng.reporters.JUnitReportReporter -->
<testsuite hostname="DESKTOP-9CSA0IA" failures="0" tests="3" name="JetBrainsTests" time="10.319" errors="0" timestamp="2023-06-26T21:53:20 MSK" skipped="0">
  <testcase classname="JetBrainsTests" name="cookieTextCheckTest" time="3.616"/>
  <system-out/>
  <testcase classname="JetBrainsTests" name="videoTitleCheckTest" time="3.612"/>
  <system-out/>
  <testcase classname="JetBrainsTests" name="imageSizeCheckTest" time="3.091"/>
  <system-out/>
</testsuite> <!-- JetBrainsTests -->
