<?xml version="1.0" encoding="UTF-8"?>
<!-- Generated by org.testng.reporters.JUnitReportReporter -->
<testsuite hostname="DESKTOP-9CSA0IA" failures="0" tests="4" name="NumberTest" time="0.001" errors="0" timestamp="2023-06-26T21:53:20 MSK" skipped="0">
  <testcase classname="NumberTest" name="testNumberGreaterThanZero" time="0.001"/>
  <system-out/>
  <testcase classname="NumberTest" name="testNumberGreaterThanZero" time="0.000"/>
  <system-out/>
  <testcase classname="NumberTest" name="testNumberGreaterThanZero" time="0.000"/>
  <system-out/>
  <testcase classname="NumberTest" name="testNumberGreaterThanZero" time="0.000"/>
  <system-out/>
</testsuite> <!-- NumberTest -->
