<?xml version="1.0" encoding="UTF-8"?>
<!-- Generated by org.testng.reporters.JUnitReportReporter -->
<testsuite hostname="DESKTOP-9CSA0IA" failures="0" tests="4" name="NumberTest" time="0.006" errors="0" timestamp="2023-06-27T18:27:35 MSK" skipped="0">
  <testcase classname="NumberTest" name="testNumberGreaterThanZero" time="0.001"/>
  <system-out/>
  <testcase classname="NumberTest" name="testNumberGreaterThanZero" time="0.004"/>
  <system-out/>
  <testcase classname="NumberTest" name="testNumberGreaterThanZero" time="0.000"/>
  <system-out/>
  <testcase classname="NumberTest" name="testNumberGreaterThanZero" time="0.001"/>
  <system-out/>
</testsuite> <!-- NumberTest -->
